<?xml version="1.0" encoding="utf-8"?><testsuites><testsuite name="pytest" errors="0" failures="0" skipped="81" tests="86" time="63.181" timestamp="2024-04-01T14:22:50.067437" hostname="Vishalvivek"><testcase classname="tests.web.PyPi_home_page_test.TestPyPiHomePage" name="test_must_a_failure" time="0.001"><skipped type="pytest.skip" message="Test is not yet complete">D:\LinkedinRepost\tests\web\PyPi_home_page_test.py:11: Test is not yet complete</skipped></testcase><testcase classname="tests.web.PyPi_home_page_test.TestPyPiHomePage" name="test_this_will_pass_always" time="6.641" /><testcase classname="tests.web.PyPi_home_page_test.TestPyPiHomePage" name="test_pass_app_name_from_commandline" time="0.001"><skipped type="pytest.skip" message="unconditional skip">D:\LinkedinRepost\tests\web\PyPi_home_page_test.py:23: unconditional skip</skipped></testcase><testcase classname="tests.web.PyPi_home_page_test.TestPyPiHomePage" name="test_pass_url_username_password_from_commandline_example" time="0.001"><skipped type="pytest.skip" message="unconditional skip">D:\LinkedinRepost\tests\web\PyPi_home_page_test.py:28: unconditional skip</skipped></testcase><testcase classname="tests.web.PyPi_home_page_test.TestPyPiHomePage" name="test_google_branding_displayed_on_home_page" time="6.084" /><testcase classname="tests.web.PyPi_home_page_test.TestPyPiHomePage" name="test_nrobo_package_is_available_on_pypi_org" time="6.757" /><testcase classname="tests.web.PyPi_home_page_test.TestPyPiHomePage" name="test_this_will_fail_for_sure" time="0.001"><skipped type="pytest.skip" message="Wanted to skip it for easy demonstration">D:\LinkedinRepost\tests\web\PyPi_home_page_test.py:57: Wanted to skip it for easy demonstration</skipped></testcase><testcase classname="tests.web.gui.PyPi_home_page_test.TestPyPiHomePage" name="test_google_branding_displayed_on_home_page" time="7.842" /><testcase classname="tests.web.gui.PyPi_home_page_test.TestPyPiHomePage" name="test_fullpagescreenshot_nrobo_switch" time="10.053" /><testcase classname="tests.web.selenium_wrapper_nrobo_methods.test_action_chain_methods.TestActionChainMethods" name="test_action_chain_reference" time="0.001"><skipped type="pytest.skip" message="This test is an nRoBo example test.">D:\LinkedinRepost\tests\web\selenium_wrapper_nrobo_methods\test_action_chain_methods.py:9: This test is an nRoBo example test.</skipped></testcase><testcase classname="tests.web.selenium_wrapper_nrobo_methods.test_alert_methods.TestAlertMethods" name="test_example_accept_alert" time="0.001"><skipped type="pytest.skip" message="This test is an nRoBo example test.">D:\LinkedinRepost\tests\web\selenium_wrapper_nrobo_methods\test_alert_methods.py:9: This test is an nRoBo example test.</skipped></testcase><testcase classname="tests.web.selenium_wrapper_nrobo_methods.test_alert_methods.TestAlertMethods" name="test_example_dismiss_alert" time="0.001"><skipped type="pytest.skip" message="This test is an nRoBo example test.">D:\LinkedinRepost\tests\web\selenium_wrapper_nrobo_methods\test_alert_methods.py:25: This test is an nRoBo example test.</skipped></testcase><testcase classname="tests.web.selenium_wrapper_nrobo_methods.test_alert_methods.TestAlertMethods" name="test_send_keys_to_prompt" time="0.001"><skipped type="pytest.skip" message="This test is an nRoBo example test.">D:\LinkedinRepost\tests\web\selenium_wrapper_nrobo_methods\test_alert_methods.py:41: This test is an nRoBo example test.</skipped></testcase><testcase classname="tests.web.selenium_wrapper_nrobo_methods.test_alert_methods.TestAlertMethods" name="test_example_get_alert_text" time="0.001"><skipped type="pytest.skip" message="This test is an nRoBo example test.">D:\LinkedinRepost\tests\web\selenium_wrapper_nrobo_methods\test_alert_methods.py:58: This test is an nRoBo example test.</skipped></testcase><testcase classname="tests.web.selenium_wrapper_nrobo_methods.test_element_wrapper_methods.TestWebElementWrapperMethods" name="test_get_tag_name_of_element" time="0.001"><skipped type="pytest.skip" message="This test is an nRoBo example test.">D:\LinkedinRepost\tests\web\selenium_wrapper_nrobo_methods\test_element_wrapper_methods.py:9: This test is an nRoBo example test.</skipped></testcase><testcase classname="tests.web.selenium_wrapper_nrobo_methods.test_element_wrapper_methods.TestWebElementWrapperMethods" name="test_get_text_of_element" time="0.001"><skipped type="pytest.skip" message="This test is an nRoBo example test.">D:\LinkedinRepost\tests\web\selenium_wrapper_nrobo_methods\test_element_wrapper_methods.py:20: This test is an nRoBo example test.</skipped></testcase><testcase classname="tests.web.selenium_wrapper_nrobo_methods.test_element_wrapper_methods.TestWebElementWrapperMethods" name="test_click_method" time="0.001"><skipped type="pytest.skip" message="This test is an nRoBo example test.">D:\LinkedinRepost\tests\web\selenium_wrapper_nrobo_methods\test_element_wrapper_methods.py:31: This test is an nRoBo example test.</skipped></testcase><testcase classname="tests.web.selenium_wrapper_nrobo_methods.test_element_wrapper_methods.TestWebElementWrapperMethods" name="test_click_and_wait_method" time="0.002"><skipped type="pytest.skip" message="This test is an nRoBo example test.">D:\LinkedinRepost\tests\web\selenium_wrapper_nrobo_methods\test_element_wrapper_methods.py:47: This test is an nRoBo example test.</skipped></testcase><testcase classname="tests.web.selenium_wrapper_nrobo_methods.test_element_wrapper_methods.TestWebElementWrapperMethods" name="test_element_to_be_clickable" time="0.001"><skipped type="pytest.skip" message="This test is an nRoBo example test.">D:\LinkedinRepost\tests\web\selenium_wrapper_nrobo_methods\test_element_wrapper_methods.py:57: This test is an nRoBo example test.</skipped></testcase><testcase classname="tests.web.selenium_wrapper_nrobo_methods.test_element_wrapper_methods.TestWebElementWrapperMethods" name="test_submit" time="0.001"><skipped type="pytest.skip" message="This test is an nRoBo example test.">D:\LinkedinRepost\tests\web\selenium_wrapper_nrobo_methods\test_element_wrapper_methods.py:67: This test is an nRoBo example test.</skipped></testcase><testcase classname="tests.web.selenium_wrapper_nrobo_methods.test_element_wrapper_methods.TestWebElementWrapperMethods" name="test_is_displayed" time="0.001"><skipped type="pytest.skip" message="This test is an nRoBo example test.">D:\LinkedinRepost\tests\web\selenium_wrapper_nrobo_methods\test_element_wrapper_methods.py:88: This test is an nRoBo example test.</skipped></testcase><testcase classname="tests.web.selenium_wrapper_nrobo_methods.test_element_wrapper_methods.TestWebElementWrapperMethods" name="test_location_once_scrolled_into_view" time="0.001"><skipped type="pytest.skip" message="This test is an nRoBo example test.">D:\LinkedinRepost\tests\web\selenium_wrapper_nrobo_methods\test_element_wrapper_methods.py:98: This test is an nRoBo example test.</skipped></testcase><testcase classname="tests.web.selenium_wrapper_nrobo_methods.test_element_wrapper_methods.TestWebElementWrapperMethods" name="test_size" time="0.002"><skipped type="pytest.skip" message="This test is an nRoBo example test.">D:\LinkedinRepost\tests\web\selenium_wrapper_nrobo_methods\test_element_wrapper_methods.py:111: This test is an nRoBo example test.</skipped></testcase><testcase classname="tests.web.selenium_wrapper_nrobo_methods.test_element_wrapper_methods.TestWebElementWrapperMethods" name="test_value_of_css_property" time="0.001"><skipped type="pytest.skip" message="This test is an nRoBo example test.">D:\LinkedinRepost\tests\web\selenium_wrapper_nrobo_methods\test_element_wrapper_methods.py:121: This test is an nRoBo example test.</skipped></testcase><testcase classname="tests.web.selenium_wrapper_nrobo_methods.test_element_wrapper_methods.TestWebElementWrapperMethods" name="test_location_" time="0.001"><skipped type="pytest.skip" message="This test is an nRoBo example test.">D:\LinkedinRepost\tests\web\selenium_wrapper_nrobo_methods\test_element_wrapper_methods.py:131: This test is an nRoBo example test.</skipped></testcase><testcase classname="tests.web.selenium_wrapper_nrobo_methods.test_element_wrapper_methods.TestWebElementWrapperMethods" name="test_rect_" time="0.001"><skipped type="pytest.skip" message="This test is an nRoBo example test.">D:\LinkedinRepost\tests\web\selenium_wrapper_nrobo_methods\test_element_wrapper_methods.py:141: This test is an nRoBo example test.</skipped></testcase><testcase classname="tests.web.selenium_wrapper_nrobo_methods.test_element_wrapper_methods.TestWebElementWrapperMethods" name="test_aria_role" time="0.001"><skipped type="pytest.skip" message="This test is an nRoBo example test.">D:\LinkedinRepost\tests\web\selenium_wrapper_nrobo_methods\test_element_wrapper_methods.py:151: This test is an nRoBo example test.</skipped></testcase><testcase classname="tests.web.selenium_wrapper_nrobo_methods.test_element_wrapper_methods.TestWebElementWrapperMethods" name="test_accessible_name" time="0.001"><skipped type="pytest.skip" message="This test is an nRoBo example test.">D:\LinkedinRepost\tests\web\selenium_wrapper_nrobo_methods\test_element_wrapper_methods.py:161: This test is an nRoBo example test.</skipped></testcase><testcase classname="tests.web.selenium_wrapper_nrobo_methods.test_element_wrapper_methods.TestWebElementWrapperMethods" name="test_screenshot_as_base64" time="0.001"><skipped type="pytest.skip" message="This test is an nRoBo example test.">D:\LinkedinRepost\tests\web\selenium_wrapper_nrobo_methods\test_element_wrapper_methods.py:171: This test is an nRoBo example test.</skipped></testcase><testcase classname="tests.web.selenium_wrapper_nrobo_methods.test_element_wrapper_methods.TestWebElementWrapperMethods" name="test_screenshot_as_png" time="0.004"><skipped type="pytest.skip" message="This test is an nRoBo example test.">D:\LinkedinRepost\tests\web\selenium_wrapper_nrobo_methods\test_element_wrapper_methods.py:184: This test is an nRoBo example test.</skipped></testcase><testcase classname="tests.web.selenium_wrapper_nrobo_methods.test_element_wrapper_methods.TestWebElementWrapperMethods" name="test_screenshot_as_file" time="0.001"><skipped type="pytest.skip" message="This test is an nRoBo example test.">D:\LinkedinRepost\tests\web\selenium_wrapper_nrobo_methods\test_element_wrapper_methods.py:197: This test is an nRoBo example test.</skipped></testcase><testcase classname="tests.web.selenium_wrapper_nrobo_methods.test_nrobo_methods.TestNRoBoSeleniumWrapperMethods" name="test_open_an_url" time="0.002"><skipped type="pytest.skip" message="This test is an nRoBo example test.">D:\LinkedinRepost\tests\web\selenium_wrapper_nrobo_methods\test_nrobo_methods.py:12: This test is an nRoBo example test.</skipped></testcase><testcase classname="tests.web.selenium_wrapper_nrobo_methods.test_nrobo_methods.TestNRoBoSeleniumWrapperMethods" name="test_get_browser_name" time="0.002"><skipped type="pytest.skip" message="This test is an nRoBo example test.">D:\LinkedinRepost\tests\web\selenium_wrapper_nrobo_methods\test_nrobo_methods.py:20: This test is an nRoBo example test.</skipped></testcase><testcase classname="tests.web.selenium_wrapper_nrobo_methods.test_nrobo_methods.TestNRoBoSeleniumWrapperMethods" name="test_get_title_of_the_current_page" time="0.019"><skipped type="pytest.skip" message="This test is an nRoBo example test.">D:\LinkedinRepost\tests\web\selenium_wrapper_nrobo_methods\test_nrobo_methods.py:27: This test is an nRoBo example test.</skipped></testcase><testcase classname="tests.web.selenium_wrapper_nrobo_methods.test_nrobo_methods.TestNRoBoSeleniumWrapperMethods" name="test_get_url_of_the_current_page" time="0.001"><skipped type="pytest.skip" message="This test is an nRoBo example test.">D:\LinkedinRepost\tests\web\selenium_wrapper_nrobo_methods\test_nrobo_methods.py:35: This test is an nRoBo example test.</skipped></testcase><testcase classname="tests.web.selenium_wrapper_nrobo_methods.test_nrobo_methods.TestNRoBoSeleniumWrapperMethods" name="test_get_page_source_of_the_current_page" time="0.001"><skipped type="pytest.skip" message="This test is an nRoBo example test.">D:\LinkedinRepost\tests\web\selenium_wrapper_nrobo_methods\test_nrobo_methods.py:43: This test is an nRoBo example test.</skipped></testcase><testcase classname="tests.web.selenium_wrapper_nrobo_methods.test_nrobo_methods.TestNRoBoSeleniumWrapperMethods" name="test_close_a_window_from_several_open_windows" time="0.001"><skipped type="pytest.skip" message="This test is an nRoBo example test.">D:\LinkedinRepost\tests\web\selenium_wrapper_nrobo_methods\test_nrobo_methods.py:51: This test is an nRoBo example test.</skipped></testcase><testcase classname="tests.web.selenium_wrapper_nrobo_methods.test_nrobo_methods.TestNRoBoSeleniumWrapperMethods" name="test_quit_all_windows" time="0.001"><skipped type="pytest.skip" message="This test is an nRoBo example test.">D:\LinkedinRepost\tests\web\selenium_wrapper_nrobo_methods\test_nrobo_methods.py:72: This test is an nRoBo example test.</skipped></testcase><testcase classname="tests.web.selenium_wrapper_nrobo_methods.test_nrobo_methods.TestNRoBoSeleniumWrapperMethods" name="test_get_current_window_handle" time="0.005"><skipped type="pytest.skip" message="This test is an nRoBo example test.">D:\LinkedinRepost\tests\web\selenium_wrapper_nrobo_methods\test_nrobo_methods.py:88: This test is an nRoBo example test.</skipped></testcase><testcase classname="tests.web.selenium_wrapper_nrobo_methods.test_nrobo_methods.TestNRoBoSeleniumWrapperMethods" name="test_get_all_window_handles" time="0.001"><skipped type="pytest.skip" message="This test is an nRoBo example test.">D:\LinkedinRepost\tests\web\selenium_wrapper_nrobo_methods\test_nrobo_methods.py:99: This test is an nRoBo example test.</skipped></testcase><testcase classname="tests.web.selenium_wrapper_nrobo_methods.test_nrobo_methods.TestNRoBoSeleniumWrapperMethods" name="test_maximize_window" time="0.005"><skipped type="pytest.skip" message="This test is an nRoBo example test.">D:\LinkedinRepost\tests\web\selenium_wrapper_nrobo_methods\test_nrobo_methods.py:118: This test is an nRoBo example test.</skipped></testcase><testcase classname="tests.web.selenium_wrapper_nrobo_methods.test_nrobo_methods.TestNRoBoSeleniumWrapperMethods" name="test_fullscreen_mode" time="0.002"><skipped type="pytest.skip" message="This test is an nRoBo example test.">D:\LinkedinRepost\tests\web\selenium_wrapper_nrobo_methods\test_nrobo_methods.py:125: This test is an nRoBo example test.</skipped></testcase><testcase classname="tests.web.selenium_wrapper_nrobo_methods.test_nrobo_methods.TestNRoBoSeleniumWrapperMethods" name="test_minimize_window" time="0.002"><skipped type="pytest.skip" message="This test is an nRoBo example test.">D:\LinkedinRepost\tests\web\selenium_wrapper_nrobo_methods\test_nrobo_methods.py:134: This test is an nRoBo example test.</skipped></testcase><testcase classname="tests.web.selenium_wrapper_nrobo_methods.test_nrobo_methods.TestNRoBoSeleniumWrapperMethods" name="test_print_page_and_save_as_pdf" time="0.001"><skipped type="pytest.skip" message="This test is an nRoBo example test.">D:\LinkedinRepost\tests\web\selenium_wrapper_nrobo_methods\test_nrobo_methods.py:143: This test is an nRoBo example test.</skipped></testcase><testcase classname="tests.web.selenium_wrapper_nrobo_methods.test_nrobo_methods.TestNRoBoSeleniumWrapperMethods" name="test_switch_to_active_element" time="0.001"><skipped type="pytest.skip" message="This test is an nRoBo example test.">D:\LinkedinRepost\tests\web\selenium_wrapper_nrobo_methods\test_nrobo_methods.py:154: This test is an nRoBo example test.</skipped></testcase><testcase classname="tests.web.selenium_wrapper_nrobo_methods.test_nrobo_methods.TestNRoBoSeleniumWrapperMethods" name="test_accept_alert" time="0.001"><skipped type="pytest.skip" message="This test is an nRoBo example test.">D:\LinkedinRepost\tests\web\selenium_wrapper_nrobo_methods\test_nrobo_methods.py:164: This test is an nRoBo example test.</skipped></testcase><testcase classname="tests.web.selenium_wrapper_nrobo_methods.test_nrobo_methods.TestNRoBoSeleniumWrapperMethods" name="test_working_with_frames" time="0.002"><skipped type="pytest.skip" message="This test is an nRoBo example test.">D:\LinkedinRepost\tests\web\selenium_wrapper_nrobo_methods\test_nrobo_methods.py:180: This test is an nRoBo example test.</skipped></testcase><testcase classname="tests.web.selenium_wrapper_nrobo_methods.test_nrobo_methods.TestNRoBoSeleniumWrapperMethods" name="test_switch_to_parent_frame" time="0.002"><skipped type="pytest.skip" message="This test is an nRoBo example test.">D:\LinkedinRepost\tests\web\selenium_wrapper_nrobo_methods\test_nrobo_methods.py:217: This test is an nRoBo example test.</skipped></testcase><testcase classname="tests.web.selenium_wrapper_nrobo_methods.test_nrobo_methods.TestNRoBoSeleniumWrapperMethods" name="test_switch_to_new_window" time="0.001"><skipped type="pytest.skip" message="This test is an nRoBo example test.">D:\LinkedinRepost\tests\web\selenium_wrapper_nrobo_methods\test_nrobo_methods.py:248: This test is an nRoBo example test.</skipped></testcase><testcase classname="tests.web.selenium_wrapper_nrobo_methods.test_nrobo_methods.TestNRoBoSeleniumWrapperMethods" name="test_browser_back_action" time="0.002"><skipped type="pytest.skip" message="This test is an nRoBo example test.">D:\LinkedinRepost\tests\web\selenium_wrapper_nrobo_methods\test_nrobo_methods.py:271: This test is an nRoBo example test.</skipped></testcase><testcase classname="tests.web.selenium_wrapper_nrobo_methods.test_nrobo_methods.TestNRoBoSeleniumWrapperMethods" name="test_browser_forward_action" time="0.002"><skipped type="pytest.skip" message="This test is an nRoBo example test.">D:\LinkedinRepost\tests\web\selenium_wrapper_nrobo_methods\test_nrobo_methods.py:286: This test is an nRoBo example test.</skipped></testcase><testcase classname="tests.web.selenium_wrapper_nrobo_methods.test_nrobo_methods.TestNRoBoSeleniumWrapperMethods" name="test_browser_refresh_action" time="0.003"><skipped type="pytest.skip" message="This test is an nRoBo example test.">D:\LinkedinRepost\tests\web\selenium_wrapper_nrobo_methods\test_nrobo_methods.py:303: This test is an nRoBo example test.</skipped></testcase><testcase classname="tests.web.selenium_wrapper_nrobo_methods.test_nrobo_methods.TestNRoBoSeleniumWrapperMethods" name="test_get_all_cookies" time="0.001"><skipped type="pytest.skip" message="This test is an nRoBo example test.">D:\LinkedinRepost\tests\web\selenium_wrapper_nrobo_methods\test_nrobo_methods.py:318: This test is an nRoBo example test.</skipped></testcase><testcase classname="tests.web.selenium_wrapper_nrobo_methods.test_nrobo_methods.TestNRoBoSeleniumWrapperMethods" name="test_add_cookie" time="0.002"><skipped type="pytest.skip" message="This test is an nRoBo example test.">D:\LinkedinRepost\tests\web\selenium_wrapper_nrobo_methods\test_nrobo_methods.py:339: This test is an nRoBo example test.</skipped></testcase><testcase classname="tests.web.selenium_wrapper_nrobo_methods.test_nrobo_methods.TestNRoBoSeleniumWrapperMethods" name="test_delete_cookie" time="0.002"><skipped type="pytest.skip" message="This test is an nRoBo example test.">D:\LinkedinRepost\tests\web\selenium_wrapper_nrobo_methods\test_nrobo_methods.py:355: This test is an nRoBo example test.</skipped></testcase><testcase classname="tests.web.selenium_wrapper_nrobo_methods.test_nrobo_methods.TestNRoBoSeleniumWrapperMethods" name="test_delete_all_cookiee" time="0.003"><skipped type="pytest.skip" message="This test is an nRoBo example test.">D:\LinkedinRepost\tests\web\selenium_wrapper_nrobo_methods\test_nrobo_methods.py:368: This test is an nRoBo example test.</skipped></testcase><testcase classname="tests.web.selenium_wrapper_nrobo_methods.test_nrobo_methods.TestNRoBoSeleniumWrapperMethods" name="test_implicitly_wait" time="0.002"><skipped type="pytest.skip" message="This test is an nRoBo example test.">D:\LinkedinRepost\tests\web\selenium_wrapper_nrobo_methods\test_nrobo_methods.py:381: This test is an nRoBo example test.</skipped></testcase><testcase classname="tests.web.selenium_wrapper_nrobo_methods.test_nrobo_methods.TestNRoBoSeleniumWrapperMethods" name="test_set_script_timeout" time="0.001"><skipped type="pytest.skip" message="This test is an nRoBo example test.">D:\LinkedinRepost\tests\web\selenium_wrapper_nrobo_methods\test_nrobo_methods.py:394: This test is an nRoBo example test.</skipped></testcase><testcase classname="tests.web.selenium_wrapper_nrobo_methods.test_nrobo_methods.TestNRoBoSeleniumWrapperMethods" name="test_set_page_load_timeout" time="0.002"><skipped type="pytest.skip" message="This test is an nRoBo example test.">D:\LinkedinRepost\tests\web\selenium_wrapper_nrobo_methods\test_nrobo_methods.py:403: This test is an nRoBo example test.</skipped></testcase><testcase classname="tests.web.selenium_wrapper_nrobo_methods.test_nrobo_methods.TestNRoBoSeleniumWrapperMethods" name="test_get_all_timeouts" time="0.002"><skipped type="pytest.skip" message="This test is an nRoBo example test.">D:\LinkedinRepost\tests\web\selenium_wrapper_nrobo_methods\test_nrobo_methods.py:412: This test is an nRoBo example test.</skipped></testcase><testcase classname="tests.web.selenium_wrapper_nrobo_methods.test_nrobo_methods.TestNRoBoSeleniumWrapperMethods" name="test_set_all_timeouts" time="0.001"><skipped type="pytest.skip" message="This test is an nRoBo example test.">D:\LinkedinRepost\tests\web\selenium_wrapper_nrobo_methods\test_nrobo_methods.py:423: This test is an nRoBo example test.</skipped></testcase><testcase classname="tests.web.selenium_wrapper_nrobo_methods.test_nrobo_methods.TestNRoBoSeleniumWrapperMethods" name="test_findelement" time="0.001"><skipped type="pytest.skip" message="This test is an nRoBo example test.">D:\LinkedinRepost\tests\web\selenium_wrapper_nrobo_methods\test_nrobo_methods.py:438: This test is an nRoBo example test.</skipped></testcase><testcase classname="tests.web.selenium_wrapper_nrobo_methods.test_nrobo_methods.TestNRoBoSeleniumWrapperMethods" name="test_findelementssss" time="0.001"><skipped type="pytest.skip" message="This test is an nRoBo example test.">D:\LinkedinRepost\tests\web\selenium_wrapper_nrobo_methods\test_nrobo_methods.py:449: This test is an nRoBo example test.</skipped></testcase><testcase classname="tests.web.selenium_wrapper_nrobo_methods.test_nrobo_methods.TestNRoBoSeleniumWrapperMethods" name="test_capabilities" time="0.001"><skipped type="pytest.skip" message="This test is an nRoBo example test.">D:\LinkedinRepost\tests\web\selenium_wrapper_nrobo_methods\test_nrobo_methods.py:465: This test is an nRoBo example test.</skipped></testcase><testcase classname="tests.web.selenium_wrapper_nrobo_methods.test_nrobo_methods.TestNRoBoSeleniumWrapperMethods" name="test_get_screenshot_as_file" time="0.002"><skipped type="pytest.skip" message="This test is an nRoBo example test.">D:\LinkedinRepost\tests\web\selenium_wrapper_nrobo_methods\test_nrobo_methods.py:474: This test is an nRoBo example test.</skipped></testcase><testcase classname="tests.web.selenium_wrapper_nrobo_methods.test_nrobo_methods.TestNRoBoSeleniumWrapperMethods" name="test_get_screenshot_as_png" time="0.001"><skipped type="pytest.skip" message="This test is an nRoBo example test.">D:\LinkedinRepost\tests\web\selenium_wrapper_nrobo_methods\test_nrobo_methods.py:483: This test is an nRoBo example test.</skipped></testcase><testcase classname="tests.web.selenium_wrapper_nrobo_methods.test_nrobo_methods.TestNRoBoSeleniumWrapperMethods" name="test_get_screenshot_as_base64" time="0.001"><skipped type="pytest.skip" message="This test is an nRoBo example test.">D:\LinkedinRepost\tests\web\selenium_wrapper_nrobo_methods\test_nrobo_methods.py:495: This test is an nRoBo example test.</skipped></testcase><testcase classname="tests.web.selenium_wrapper_nrobo_methods.test_nrobo_methods.TestNRoBoSeleniumWrapperMethods" name="test_set_window_size" time="0.001"><skipped type="pytest.skip" message="This test is an nRoBo example test.">D:\LinkedinRepost\tests\web\selenium_wrapper_nrobo_methods\test_nrobo_methods.py:507: This test is an nRoBo example test.</skipped></testcase><testcase classname="tests.web.selenium_wrapper_nrobo_methods.test_nrobo_methods.TestNRoBoSeleniumWrapperMethods" name="test_get_window_size" time="0.002"><skipped type="pytest.skip" message="This test is an nRoBo example test.">D:\LinkedinRepost\tests\web\selenium_wrapper_nrobo_methods\test_nrobo_methods.py:519: This test is an nRoBo example test.</skipped></testcase><testcase classname="tests.web.selenium_wrapper_nrobo_methods.test_nrobo_methods.TestNRoBoSeleniumWrapperMethods" name="test_set_window_position" time="0.001"><skipped type="pytest.skip" message="This test is an nRoBo example test.">D:\LinkedinRepost\tests\web\selenium_wrapper_nrobo_methods\test_nrobo_methods.py:528: This test is an nRoBo example test.</skipped></testcase><testcase classname="tests.web.selenium_wrapper_nrobo_methods.test_nrobo_methods.TestNRoBoSeleniumWrapperMethods" name="test_set_window_rect" time="0.001"><skipped type="pytest.skip" message="This test is an nRoBo example test.">D:\LinkedinRepost\tests\web\selenium_wrapper_nrobo_methods\test_nrobo_methods.py:538: This test is an nRoBo example test.</skipped></testcase><testcase classname="tests.web.selenium_wrapper_nrobo_methods.test_nrobo_methods.TestNRoBoSeleniumWrapperMethods" name="test_log_types" time="0.001"><skipped type="pytest.skip" message="This test is an nRoBo example test.">D:\LinkedinRepost\tests\web\selenium_wrapper_nrobo_methods\test_nrobo_methods.py:548: This test is an nRoBo example test.</skipped></testcase><testcase classname="tests.web.selenium_wrapper_nrobo_methods.test_nrobo_methods.TestNRoBoSeleniumWrapperMethods" name="test_get_log" time="0.001"><skipped type="pytest.skip" message="This test is an nRoBo example test.">D:\LinkedinRepost\tests\web\selenium_wrapper_nrobo_methods\test_nrobo_methods.py:557: This test is an nRoBo example test.</skipped></testcase><testcase classname="tests.web.selenium_wrapper_nrobo_methods.test_nrobo_wait_methods.TestNroboWaitMethods" name="test_wait_for_page_to_be_loaded" time="0.001"><skipped type="pytest.skip" message="This test is an nRoBo example test.">D:\LinkedinRepost\tests\web\selenium_wrapper_nrobo_methods\test_nrobo_wait_methods.py:9: This test is an nRoBo example test.</skipped></testcase><testcase classname="tests.web.selenium_wrapper_nrobo_methods.test_nrobo_wait_methods.TestNroboWaitMethods" name="test_wait_for_a_while" time="0.002"><skipped type="pytest.skip" message="This test is an nRoBo example test.">D:\LinkedinRepost\tests\web\selenium_wrapper_nrobo_methods\test_nrobo_wait_methods.py:18: This test is an nRoBo example test.</skipped></testcase><testcase classname="tests.web.selenium_wrapper_nrobo_methods.test_nrobo_wait_methods.TestNroboWaitMethods" name="test_wait_for_element_to_be_invisible" time="0.002"><skipped type="pytest.skip" message="This test is an nRoBo example test.">D:\LinkedinRepost\tests\web\selenium_wrapper_nrobo_methods\test_nrobo_wait_methods.py:27: This test is an nRoBo example test.</skipped></testcase><testcase classname="tests.web.selenium_wrapper_nrobo_methods.test_select.TestSelect" name="test_get_all_select_options" time="0.003"><skipped type="pytest.skip" message="This test is an nRoBo example test.">D:\LinkedinRepost\tests\web\selenium_wrapper_nrobo_methods\test_select.py:9: This test is an nRoBo example test.</skipped></testcase><testcase classname="tests.web.selenium_wrapper_nrobo_methods.test_select.TestSelect" name="test_get_all_selected_options" time="0.002"><skipped type="pytest.skip" message="This test is an nRoBo example test.">D:\LinkedinRepost\tests\web\selenium_wrapper_nrobo_methods\test_select.py:27: This test is an nRoBo example test.</skipped></testcase><testcase classname="tests.web.selenium_wrapper_nrobo_methods.test_select.TestSelect" name="test_get_first_selected_options" time="0.001"><skipped type="pytest.skip" message="This test is an nRoBo example test.">D:\LinkedinRepost\tests\web\selenium_wrapper_nrobo_methods\test_select.py:49: This test is an nRoBo example test.</skipped></testcase><testcase classname="tests.web.selenium_wrapper_nrobo_methods.test_select.TestSelect" name="test_select_an_option_by_value_from_a_dropdown" time="0.001"><skipped type="pytest.skip" message="This test is an nRoBo example test.">D:\LinkedinRepost\tests\web\selenium_wrapper_nrobo_methods\test_select.py:69: This test is an nRoBo example test.</skipped></testcase><testcase classname="tests.web.selenium_wrapper_nrobo_methods.test_select.TestSelect" name="test_select_an_option_by_index_from_a_dropdown" time="0.001"><skipped type="pytest.skip" message="This test is an nRoBo example test.">D:\LinkedinRepost\tests\web\selenium_wrapper_nrobo_methods\test_select.py:87: This test is an nRoBo example test.</skipped></testcase><testcase classname="tests.web.selenium_wrapper_nrobo_methods.test_select.TestSelect" name="test_select_an_option_by_visible_text_from_a_dropdown" time="0.001"><skipped type="pytest.skip" message="This test is an nRoBo example test.">D:\LinkedinRepost\tests\web\selenium_wrapper_nrobo_methods\test_select.py:105: This test is an nRoBo example test.</skipped></testcase><testcase classname="tests.web.selenium_wrapper_nrobo_methods.test_select.TestSelect" name="test_deselect_all_options_from_a_dropdown" time="0.001"><skipped type="pytest.skip" message="This test is an nRoBo example test.">D:\LinkedinRepost\tests\web\selenium_wrapper_nrobo_methods\test_select.py:123: This test is an nRoBo example test.</skipped></testcase><testcase classname="tests.web.selenium_wrapper_nrobo_methods.test_select.TestSelect" name="test_deselect_by_value_from_a_dropdown" time="0.002"><skipped type="pytest.skip" message="This test is an nRoBo example test.">D:\LinkedinRepost\tests\web\selenium_wrapper_nrobo_methods\test_select.py:145: This test is an nRoBo example test.</skipped></testcase><testcase classname="tests.web.selenium_wrapper_nrobo_methods.test_select.TestSelect" name="test_deselect_by_index_from_a_dropdown" time="0.001"><skipped type="pytest.skip" message="This test is an nRoBo example test.">D:\LinkedinRepost\tests\web\selenium_wrapper_nrobo_methods\test_select.py:167: This test is an nRoBo example test.</skipped></testcase><testcase classname="tests.web.selenium_wrapper_nrobo_methods.test_select.TestSelect" name="test_deselect_by_visible_text_from_a_dropdown" time="0.002"><skipped type="pytest.skip" message="This test is an nRoBo example test.">D:\LinkedinRepost\tests\web\selenium_wrapper_nrobo_methods\test_select.py:189: This test is an nRoBo example test.</skipped></testcase></testsuite></testsuites>